[0m17:19:13.138941 [debug] [MainThread]: Sending event: {'category': 'dbt', 'action': 'invocation', 'label': 'start', 'context': [<snowplow_tracker.self_describing_json.SelfDescribingJson object at 0x10b078590>, <snowplow_tracker.self_describing_json.SelfDescribingJson object at 0x10bf13750>, <snowplow_tracker.self_describing_json.SelfDescribingJson object at 0x10bf13890>]}


============================== 17:19:13.141118 | 1bebb503-0dcb-4e72-bb2b-e41b44378271 ==============================
[0m17:19:13.141118 [info ] [MainThread]: Running with dbt=1.11.6
[0m17:19:13.141354 [debug] [MainThread]: running dbt with arguments {'use_colors': 'True', 'no_print': 'None', 'printer_width': '80', 'debug': 'False', 'warn_error': 'None', 'warn_error_options': 'WarnErrorOptionsV2(error=[], warn=[], silence=[])', 'log_format': 'default', 'static_parser': 'True', 'log_path': 'logs', 'log_cache_events': 'False', 'fail_fast': 'False', 'write_json': 'True', 'empty': 'None', 'quiet': 'False', 'indirect_selection': 'eager', 'partial_parse': 'True', 'send_anonymous_usage_stats': 'True', 'profiles_dir': '/Users/nandansbharadwaj/.dbt', 'use_experimental_parser': 'False', 'invocation_command': 'dbt init financial_dw', 'version_check': 'True', 'target_path': 'None', 'cache_selected_only': 'False', 'introspect': 'True'}
[0m17:19:13.147269 [info ] [MainThread]: Creating dbt configuration folder at /Users/nandansbharadwaj/.dbt
[0m17:19:13.147920 [debug] [MainThread]: Starter project path: /Applications/Nandan S Bharadwaj/python/financial-data-warehouse/venv/lib/python3.13/site-packages/dbt/include/starter_project
[0m17:19:13.150801 [info ] [MainThread]: 
Your new dbt project "financial_dw" was created!

For more information on how to configure the profiles.yml file,
please consult the dbt documentation here:

  https://docs.getdbt.com/docs/configure-your-profile

One more thing:

Need help? Don't hesitate to reach out to us via GitHub issues or on Slack:

  https://community.getdbt.com/

Happy modeling!

[0m17:19:13.151059 [info ] [MainThread]: Setting up your profile.
[0m17:22:08.275792 [info ] [MainThread]: Profile financial_dw written to /Users/nandansbharadwaj/.dbt/profiles.yml using target's profile_template.yml and your supplied values. Run 'dbt debug' to validate the connection.
[0m17:22:08.286762 [debug] [MainThread]: Resource report: {"command_name": "init", "command_success": true, "command_wall_clock_time": 175.17676, "process_in_blocks": "0", "process_kernel_time": 0.122794, "process_mem_max_rss": "110608384", "process_out_blocks": "0", "process_user_time": 0.577189}
[0m17:22:08.289014 [debug] [MainThread]: Command `dbt init` succeeded at 17:22:08.288709 after 175.18 seconds
[0m17:22:08.290295 [debug] [MainThread]: Sending event: {'category': 'dbt', 'action': 'invocation', 'label': 'end', 'context': [<snowplow_tracker.self_describing_json.SelfDescribingJson object at 0x10c6a5480>, <snowplow_tracker.self_describing_json.SelfDescribingJson object at 0x10a458830>, <snowplow_tracker.self_describing_json.SelfDescribingJson object at 0x10bf9b8a0>]}
[0m17:22:08.291083 [debug] [MainThread]: Flushing usage events
[0m17:22:08.708742 [debug] [MainThread]: An error was encountered while trying to flush usage events
[0m17:24:54.905858 [debug] [MainThread]: Sending event: {'category': 'dbt', 'action': 'invocation', 'label': 'start', 'context': [<snowplow_tracker.self_describing_json.SelfDescribingJson object at 0x10c73c590>, <snowplow_tracker.self_describing_json.SelfDescribingJson object at 0x10d5db750>, <snowplow_tracker.self_describing_json.SelfDescribingJson object at 0x10d5db890>]}


============================== 17:24:54.908167 | c9613e35-aa50-4adc-9a56-1e0b986b642b ==============================
[0m17:24:54.908167 [info ] [MainThread]: Running with dbt=1.11.6
[0m17:24:54.908399 [debug] [MainThread]: running dbt with arguments {'invocation_command': 'dbt debug', 'printer_width': '80', 'profiles_dir': '/Users/nandansbharadwaj/.dbt', 'use_colors': 'True', 'no_print': 'None', 'warn_error': 'None', 'fail_fast': 'False', 'debug': 'False', 'target_path': 'None', 'warn_error_options': 'WarnErrorOptionsV2(error=[], warn=[], silence=[])', 'write_json': 'True', 'partial_parse': 'True', 'indirect_selection': 'eager', 'version_check': 'True', 'static_parser': 'True', 'use_experimental_parser': 'False', 'log_path': 'logs', 'log_cache_events': 'False', 'send_anonymous_usage_stats': 'True', 'log_format': 'default', 'quiet': 'False', 'empty': 'None', 'cache_selected_only': 'False', 'introspect': 'True'}
[0m17:24:54.916752 [info ] [MainThread]: dbt version: 1.11.6
[0m17:24:54.916919 [info ] [MainThread]: python version: 3.13.3
[0m17:24:54.917022 [info ] [MainThread]: python path: /Applications/Nandan S Bharadwaj/python/financial-data-warehouse/venv/bin/python3.13
[0m17:24:54.917111 [info ] [MainThread]: os info: macOS-26.3-arm64-arm-64bit-Mach-O
[0m17:24:54.950436 [info ] [MainThread]: Using profiles dir at /Users/nandansbharadwaj/.dbt
[0m17:24:54.950636 [info ] [MainThread]: Using profiles.yml file at /Users/nandansbharadwaj/.dbt/profiles.yml
[0m17:24:54.950744 [info ] [MainThread]: Using dbt_project.yml file at /Applications/Nandan S Bharadwaj/python/financial-data-warehouse/dbt_project/dbt_project.yml
[0m17:24:54.951043 [info ] [MainThread]: adapter type: postgres
[0m17:24:54.951143 [info ] [MainThread]: adapter version: 1.10.0
[0m17:24:54.951240 [info ] [MainThread]: Configuration:
[0m17:24:54.951325 [info ] [MainThread]:   profiles.yml file [[32mOK found and valid[0m]
[0m17:24:54.951408 [info ] [MainThread]:   dbt_project.yml file [[31mERROR not found[0m]
[0m17:24:54.951488 [info ] [MainThread]: Required dependencies:
[0m17:24:54.951609 [debug] [MainThread]: Executing "git --help"
[0m17:24:54.964122 [debug] [MainThread]: STDOUT: "b"usage: git [-v | --version] [-h | --help] [-C <path>] [-c <name>=<value>]\n           [--exec-path[=<path>]] [--html-path] [--man-path] [--info-path]\n           [-p | --paginate | -P | --no-pager] [--no-replace-objects] [--no-lazy-fetch]\n           [--no-optional-locks] [--no-advice] [--bare] [--git-dir=<path>]\n           [--work-tree=<path>] [--namespace=<name>] [--config-env=<name>=<envvar>]\n           <command> [<args>]\n\nThese are common Git commands used in various situations:\n\nstart a working area (see also: git help tutorial)\n   clone      Clone a repository into a new directory\n   init       Create an empty Git repository or reinitialize an existing one\n\nwork on the current change (see also: git help everyday)\n   add        Add file contents to the index\n   mv         Move or rename a file, a directory, or a symlink\n   restore    Restore working tree files\n   rm         Remove files from the working tree and from the index\n\nexamine the history and state (see also: git help revisions)\n   bisect     Use binary search to find the commit that introduced a bug\n   diff       Show changes between commits, commit and working tree, etc\n   grep       Print lines matching a pattern\n   log        Show commit logs\n   show       Show various types of objects\n   status     Show the working tree status\n\ngrow, mark and tweak your common history\n   backfill   Download missing objects in a partial clone\n   branch     List, create, or delete branches\n   commit     Record changes to the repository\n   merge      Join two or more development histories together\n   rebase     Reapply commits on top of another base tip\n   reset      Reset current HEAD to the specified state\n   switch     Switch branches\n   tag        Create, list, delete or verify a tag object signed with GPG\n\ncollaborate (see also: git help workflows)\n   fetch      Download objects and refs from another repository\n   pull       Fetch from and integrate with another repository or a local branch\n   push       Update remote refs along with associated objects\n\n'git help -a' and 'git help -g' list available subcommands and some\nconcept guides. See 'git help <command>' or 'git help <concept>'\nto read about a specific subcommand or concept.\nSee 'git help git' for an overview of the system.\n""
[0m17:24:54.964465 [debug] [MainThread]: STDERR: "b''"
[0m17:24:54.964598 [info ] [MainThread]:  - git [[32mOK found[0m]

[0m17:24:54.964891 [info ] [MainThread]: Connection:
[0m17:24:54.965296 [info ] [MainThread]:   host: localhost
[0m17:24:54.965432 [info ] [MainThread]:   port: 5432
[0m17:24:54.965528 [info ] [MainThread]:   user: nandansbharadwaj
[0m17:24:54.965623 [info ] [MainThread]:   database: financial_warehouse
[0m17:24:54.965704 [info ] [MainThread]:   schema: public
[0m17:24:54.965792 [info ] [MainThread]:   connect_timeout: 10
[0m17:24:54.965876 [info ] [MainThread]:   role: None
[0m17:24:54.965961 [info ] [MainThread]:   search_path: None
[0m17:24:54.966044 [info ] [MainThread]:   keepalives_idle: 0
[0m17:24:54.966139 [info ] [MainThread]:   sslmode: None
[0m17:24:54.966228 [info ] [MainThread]:   sslcert: None
[0m17:24:54.966310 [info ] [MainThread]:   sslkey: None
[0m17:24:54.966399 [info ] [MainThread]:   sslrootcert: None
[0m17:24:54.966480 [info ] [MainThread]:   application_name: dbt
[0m17:24:54.966565 [info ] [MainThread]:   retries: 1
[0m17:24:54.966824 [info ] [MainThread]: Registered adapter: postgres=1.10.0
[0m17:24:55.018305 [debug] [MainThread]: Acquiring new postgres connection 'debug'
[0m17:24:55.038795 [debug] [MainThread]: Using postgres connection "debug"
[0m17:24:55.038981 [debug] [MainThread]: On debug: select 1 as id
[0m17:24:55.039095 [debug] [MainThread]: Opening a new connection, currently in state init
[0m17:24:55.110895 [debug] [MainThread]: SQL status: SELECT 1 in 0.072 seconds
[0m17:24:55.111397 [debug] [MainThread]: On debug: Close
[0m17:24:55.111552 [info ] [MainThread]:   Connection test: [[32mOK connection ok[0m]

[0m17:24:55.111686 [info ] [MainThread]: [31m1 check failed:[0m
[0m17:24:55.111783 [info ] [MainThread]: Project loading failed for the following reason:
 project path </Applications/Nandan S Bharadwaj/python/financial-data-warehouse/dbt_project/dbt_project.yml> not found

[0m17:24:55.113730 [debug] [MainThread]: Resource report: {"command_name": "debug", "command_success": false, "command_wall_clock_time": 0.23661654, "process_in_blocks": "0", "process_kernel_time": 0.135295, "process_mem_max_rss": "128237568", "process_out_blocks": "0", "process_user_time": 0.546014}
[0m17:24:55.113982 [debug] [MainThread]: Command `dbt debug` failed at 17:24:55.113933 after 0.24 seconds
[0m17:24:55.114145 [debug] [MainThread]: Connection 'debug' was properly closed.
[0m17:24:55.114297 [debug] [MainThread]: Sending event: {'category': 'dbt', 'action': 'invocation', 'label': 'end', 'context': [<snowplow_tracker.self_describing_json.SelfDescribingJson object at 0x10d6efe10>, <snowplow_tracker.self_describing_json.SelfDescribingJson object at 0x10ddb7410>, <snowplow_tracker.self_describing_json.SelfDescribingJson object at 0x10d65d040>]}
[0m17:24:55.114471 [debug] [MainThread]: Flushing usage events
[0m17:24:55.507470 [debug] [MainThread]: An error was encountered while trying to flush usage events
